#
# A fatal error has been detected by the Java Runtime Environment:
#
#  EXCEPTION_ACCESS_VIOLATION (0xc0000005) at pc=0x00007ffa4562bb73, pid=19904, tid=0x0000000000002680
#
# JRE version: Java(TM) SE Runtime Environment (8.0_261-b12) (build 1.8.0_261-b12)
# Java VM: Java HotSpot(TM) 64-Bit Server VM (25.261-b12 mixed mode windows-amd64 compressed oops)
# Problematic frame:
# C  [atio6axx.dll+0x8dbb73]
#
# Failed to write core dump. Minidumps are not enabled by default on client versions of Windows
#
# If you would like to submit a bug report, please visit:
#   http://bugreport.java.com/bugreport/crash.jsp
# The crash happened outside the Java Virtual Machine in native code.
# See problematic frame for where to report the bug.
#

---------------  T H R E A D  ---------------

Current thread (0x000001d4e7f39000):  JavaThread "Render thread" [_thread_in_native, id=9856, stack(0x0000008551900000,0x0000008551a00000)]

siginfo: ExceptionCode=0xc0000005, writing address 0x000001d4a9fc5e78

Registers:
RAX=0x0000000000000e22, RBX=0x0000000000000000, RCX=0x000001d4a9fc5e78, RDX=0x000001d4908c8f40
RSP=0x00000085519fbd80, RBP=0x00000085519fbee0, RSI=0x000001d4908c8f40, RDI=0x00000085519fc6d0
R8 =0x000001d4feb923e0, R9 =0x0000000000000000, R10=0x000001d490cdc398, R11=0x00000085519fbfd0
R12=0x000001d490cdc398, R13=0x000001d490277b60, R14=0x000001d490277b60, R15=0x000001d490cdc370
RIP=0x00007ffa4562bb73, EFLAGS=0x0000000000010202

Top of Stack: (sp=0x00000085519fbd80)
0x00000085519fbd80:   000001d490cdc398 000001d490cdc370
0x00000085519fbd90:   0000000000000003 00000085519fc6e0
0x00000085519fbda0:   00000085519fc470 00000085519fbe68
0x00000085519fbdb0:   00000085519fbe64 0000000000000000
0x00000085519fbdc0:   000001d4e7f39000 000001d4e7f39000
0x00000085519fbdd0:   000001d4ff4d3150 000001d440021b80
0x00000085519fbde0:   000001d49fbe0190 000001d4000000c8
0x00000085519fbdf0:   000001d49fbe0190 000001d490cdc408
0x00000085519fbe00:   000001d4e7f39000 000001d4e7f39000
0x00000085519fbe10:   000001d4902781b8 000001d490cdc3a8
0x00000085519fbe20:   00000085519fc760 0000000000001344
0x00000085519fbe30:   000001d400000001 0000000000000001
0x00000085519fbe40:   000001d4908c8f40 00000085519fbe80
0x00000085519fbe50:   0000000700000000 000001d49fbd0968
0x00000085519fbe60:   00000009c0a3e900 0000000000000108
0x00000085519fbe70:   0000000000000003 000001d490cdc398 

Instructions: (pc=0x00007ffa4562bb73)
0x00007ffa4562bb53:   00 4d 8b 87 58 03 00 00 48 8b f2 48 85 d2 74 23
0x00007ffa4562bb63:   80 3a 00 74 1e 48 8b 4a 20 41 8b 85 58 06 00 00
0x00007ffa4562bb73:   89 01 48 8b 4a 18 41 8b 40 58 89 01 48 8b b7 00
0x00007ffa4562bb83:   01 00 00 49 8b 87 68 02 00 00 48 8b 08 48 8d 58 


Register to memory mapping:

RAX=0x0000000000000e22 is an unknown value
RBX=0x0000000000000000 is an unknown value
RCX=0x000001d4a9fc5e78 is an unknown value
RDX=0x000001d4908c8f40 is an unknown value
RSP=0x00000085519fbd80 is pointing into the stack for thread: 0x000001d4e7f39000
RBP=0x00000085519fbee0 is pointing into the stack for thread: 0x000001d4e7f39000
RSI=0x000001d4908c8f40 is an unknown value
RDI=0x00000085519fc6d0 is pointing into the stack for thread: 0x000001d4e7f39000
R8 =0x000001d4feb923e0 is an unknown value
R9 =0x0000000000000000 is an unknown value
R10=0x000001d490cdc398 is an unknown value
R11=0x00000085519fbfd0 is pointing into the stack for thread: 0x000001d4e7f39000
R12=0x000001d490cdc398 is an unknown value
R13=0x000001d490277b60 is an unknown value
R14=0x000001d490277b60 is an unknown value
R15=0x000001d490cdc370 is an unknown value


Stack: [0x0000008551900000,0x0000008551a00000],  sp=0x00000085519fbd80,  free space=1007k
Native frames: (J=compiled Java code, j=interpreted, Vv=VM code, C=native code)
C  [atio6axx.dll+0x8dbb73]
C  [atio6axx.dll+0x17f20aa]
C  [atio6axx.dll+0x177e54d]
C  [atio6axx.dll+0x17d637c]
C  [atio6axx.dll+0x17d01a9]
C  [atio6axx.dll+0x177f8de]
C  [atio6axx.dll+0x177fb1b]
C  [atio6axx.dll+0x1620a09]
C  [atio6axx.dll+0x8d7d52]
C  [atio6axx.dll+0x8ca925]
C  [atig6pxx.dll+0xbea0]
C  [opengl32.dll+0x2288f]
C  [atio6axx.dll+0x8ef41c]
C  [atio6axx.dll+0x8d85a0]
C  [atio6axx.dll+0x8f292d]
C  [atio6axx.dll+0x17de238]
C  [atio6axx.dll+0x1786f49]
C  [atio6axx.dll+0x178558a]
C  [atio6axx.dll+0x1622425]
C  [atio6axx.dll+0x162387b]
C  [atio6axx.dll+0x1623ccf]
C  [atio6axx.dll+0x1633b99]
C  [atio6axx.dll+0xa57594]
C  [atio6axx.dll+0xb488d0]
C  [atio6axx.dll+0xba8c03]
C  [atio6axx.dll+0x16104d0]
C  [atio6axx.dll+0x89794e]
C  [atio6axx.dll+0x897a4d]
C  [opengl32.dll+0x233a9]
C  [opengl32.dll+0x4066b]
C  [gdi32full.dll+0x6273e]
C  0x000001d4e9f357a0

Java frames: (J=compiled Java code, j=interpreted, Vv=VM code)
J 6135  org.lwjgl.system.JNI.invokePV(JJ)V (0 bytes) @ 0x000001d4e9f35710 [0x000001d4e9f35660+0xb0]
J 14779 C1 net.minecraft.client.Minecraft.runTick(Z)V (994 bytes) @ 0x000001d4eba3bfb4 [0x000001d4eba338e0+0x86d4]
j  net.minecraft.client.Minecraft.run()V+68
j  net.minecraft.client.main.Main.main([Ljava/lang/String;)V+1379
v  ~StubRoutines::call_stub
j  sun.reflect.NativeMethodAccessorImpl.invoke0(Ljava/lang/reflect/Method;Ljava/lang/Object;[Ljava/lang/Object;)Ljava/lang/Object;+0
j  sun.reflect.NativeMethodAccessorImpl.invoke(Ljava/lang/Object;[Ljava/lang/Object;)Ljava/lang/Object;+100
J 1942 C1 sun.reflect.DelegatingMethodAccessorImpl.invoke(Ljava/lang/Object;[Ljava/lang/Object;)Ljava/lang/Object; (10 bytes) @ 0x000001d4e9e0e9cc [0x000001d4e9e0e8c0+0x10c]
J 1941 C1 java.lang.reflect.Method.invoke(Ljava/lang/Object;[Ljava/lang/Object;)Ljava/lang/Object; (62 bytes) @ 0x000001d4e9e0f1f4 [0x000001d4e9e0ee00+0x3f4]
j  net.minecraftforge.userdev.FMLUserdevClientLaunchProvider.lambda$launchService$0(Lcpw/mods/modlauncher/api/ITransformingClassLoader;[Ljava/lang/String;)Ljava/lang/Void;+65
j  net.minecraftforge.userdev.FMLUserdevClientLaunchProvider$$Lambda$463.call()Ljava/lang/Object;+12
j  cpw.mods.modlauncher.LaunchServiceHandlerDecorator.launch([Ljava/lang/String;Lcpw/mods/modlauncher/api/ITransformingClassLoader;)V+11
j  cpw.mods.modlauncher.LaunchServiceHandler.launch(Ljava/lang/String;[Ljava/lang/String;Lcpw/mods/modlauncher/TransformingClassLoader;Lcpw/mods/modlauncher/LaunchPluginHandler;)V+57
j  cpw.mods.modlauncher.LaunchServiceHandler.launch(Lcpw/mods/modlauncher/ArgumentHandler;Lcpw/mods/modlauncher/TransformingClassLoader;Lcpw/mods/modlauncher/LaunchPluginHandler;)V+19
j  cpw.mods.modlauncher.Launcher.run([Ljava/lang/String;)V+116
j  cpw.mods.modlauncher.Launcher.main([Ljava/lang/String;)V+37
j  net.minecraftforge.userdev.LaunchTesting.main([Ljava/lang/String;)V+440
v  ~StubRoutines::call_stub

---------------  P R O C E S S  ---------------

Java Threads: ( => current thread )
  0x000001d4971a7800 JavaThread "Narrator" [_thread_blocked, id=16116, stack(0x0000008554000000,0x0000008554100000)]
  0x000001d4971ab800 JavaThread "Sound engine" daemon [_thread_blocked, id=12180, stack(0x0000008553b00000,0x0000008553c00000)]
  0x000001d49ca47800 JavaThread "Snooper Timer" daemon [_thread_blocked, id=10964, stack(0x0000008553400000,0x0000008553500000)]
  0x000001d49ca46800 JavaThread "Timer hack thread" daemon [_thread_blocked, id=8852, stack(0x0000008552c00000,0x0000008552d00000)]
  0x000001d4ff37b000 JavaThread "Thread-2" daemon [_thread_in_native, id=18292, stack(0x0000008552e00000,0x0000008552f00000)]
  0x000001d4fed68000 JavaThread "Thread-1" daemon [_thread_blocked, id=15304, stack(0x0000008552d00000,0x0000008552e00000)]
  0x000001d4fdd1d800 JavaThread "Service Thread" daemon [_thread_blocked, id=13528, stack(0x0000008552900000,0x0000008552a00000)]
  0x000001d4fdcf1000 JavaThread "C1 CompilerThread2" daemon [_thread_blocked, id=10044, stack(0x0000008552800000,0x0000008552900000)]
  0x000001d4fdce9800 JavaThread "C2 CompilerThread1" daemon [_thread_blocked, id=20816, stack(0x0000008552700000,0x0000008552800000)]
  0x000001d4fdce8000 JavaThread "C2 CompilerThread0" daemon [_thread_blocked, id=17612, stack(0x0000008552600000,0x0000008552700000)]
  0x000001d4fdce0800 JavaThread "Monitor Ctrl-Break" daemon [_thread_in_native, id=19924, stack(0x0000008552500000,0x0000008552600000)]
  0x000001d4fc116800 JavaThread "Attach Listener" daemon [_thread_blocked, id=18460, stack(0x0000008552400000,0x0000008552500000)]
  0x000001d4fc115800 JavaThread "Signal Dispatcher" daemon [_thread_blocked, id=17712, stack(0x0000008552300000,0x0000008552400000)]
  0x000001d4fc0ef800 JavaThread "Finalizer" daemon [_thread_blocked, id=9084, stack(0x0000008552200000,0x0000008552300000)]
  0x000001d4fc0e8000 JavaThread "Reference Handler" daemon [_thread_blocked, id=11508, stack(0x0000008552100000,0x0000008552200000)]
=>0x000001d4e7f39000 JavaThread "Render thread" [_thread_in_native, id=9856, stack(0x0000008551900000,0x0000008551a00000)]

Other Threads:
  0x000001d4fc0be800 VMThread [stack: 0x0000008552000000,0x0000008552100000] [id=22220]
  0x000001d4fde40000 WatcherThread [stack: 0x0000008552a00000,0x0000008552b00000] [id=19936]

VM state:not at safepoint (normal execution)

VM Mutex/Monitor currently owned by a thread: None

heap address: 0x00000005c1600000, size: 8170 MB, Compressed Oops mode: Zero based, Oop shift amount: 3
Narrow klass base: 0x0000000000000000, Narrow klass shift: 3
Compressed class space size: 1073741824 Address: 0x00000007c0000000

Heap:
 PSYoungGen      total 2694144K, used 2161639K [0x0000000715d00000, 0x00000007c0000000, 0x00000007c0000000)
  eden space 2609664K, 81% used [0x0000000715d00000,0x0000000796daf638,0x00000007b5180000)
  from space 84480K, 56% used [0x00000007b5180000,0x00000007b7fca740,0x00000007ba400000)
  to   space 83456K, 0% used [0x00000007bae80000,0x00000007bae80000,0x00000007c0000000)
 ParOldGen       total 748032K, used 283331K [0x00000005c1600000, 0x00000005ef080000, 0x0000000715d00000)
  object space 748032K, 37% used [0x00000005c1600000,0x00000005d2ab0fe8,0x00000005ef080000)
 Metaspace       used 94713K, capacity 105753K, committed 105932K, reserved 1138688K
  class space    used 14304K, capacity 17352K, committed 17356K, reserved 1048576K

Card table byte_map: [0x000001d4f8b70000,0x000001d4f9b70000] byte_map_base: 0x000001d4f5d65000

Marking Bits: (ParMarkBitMap*) 0x0000000077f84fb0
 Begin Bits: [0x000001d480000000, 0x000001d487fa8000)
 End Bits:   [0x000001d487fa8000, 0x000001d48ff50000)

Polling page: 0x000001d4e7ec0000

CodeCache: size=245760Kb used=34975Kb max_used=37512Kb free=210784Kb
 bounds [0x000001d4e97b0000, 0x000001d4ebcc0000, 0x000001d4f87b0000]
 total_blobs=12591 nmethods=10931 adapters=1571
 compilation: enabled

Compilation events (10 events):
Event: 73.969 Thread 0x000001d4fdce8000 15426       4       java.util.Spliterator$OfInt::forEachRemaining (53 bytes)
Event: 73.972 Thread 0x000001d4fdce8000 nmethod 15426 0x000001d4e9955110 code [0x000001d4e99552a0, 0x000001d4e99555c8]
Event: 74.613 Thread 0x000001d4fdcf1000 15427 % !   3       com.electronwill.nightconfig.core.file.FileWatcher$WatcherThread::run @ 0 (352 bytes)
Event: 74.614 Thread 0x000001d4fdcf1000 nmethod 15427% 0x000001d4eae4a4d0 code [0x000001d4eae4a9a0, 0x000001d4eae4d870]
Event: 75.208 Thread 0x000001d4fdce9800 15428       4       net.minecraft.util.concurrent.ThreadTaskExecutor::pollTask (54 bytes)
Event: 75.210 Thread 0x000001d4fdce9800 nmethod 15428 0x000001d4eb68e210 code [0x000001d4eb68e3a0, 0x000001d4eb68e778]
Event: 75.633 Thread 0x000001d4fdcf1000 15429   !   3       com.electronwill.nightconfig.core.file.FileWatcher$WatcherThread::run (352 bytes)
Event: 75.634 Thread 0x000001d4fdcf1000 nmethod 15429 0x000001d4ea2b2a90 code [0x000001d4ea2b2f60, 0x000001d4ea2b5d30]
Event: 77.672 Thread 0x000001d4fdce8000 15430       4       java.util.concurrent.LinkedBlockingDeque::unlinkFirst (74 bytes)
Event: 77.673 Thread 0x000001d4fdce8000 nmethod 15430 0x000001d4e9f6b590 code [0x000001d4e9f6b6e0, 0x000001d4e9f6b878]

GC Heap History (10 events):
Event: 22.912 GC heap before
{Heap before GC invocations=41 (full 4):
 PSYoungGen      total 2669056K, used 2602080K [0x0000000715d00000, 0x00000007bf500000, 0x00000007c0000000)
  eden space 2573312K, 100% used [0x0000000715d00000,0x00000007b2e00000,0x00000007b2e00000)
  from space 95744K, 30% used [0x00000007b9780000,0x00000007bb398070,0x00000007bf500000)
  to   space 101888K, 0% used [0x00000007b2e00000,0x00000007b2e00000,0x00000007b9180000)
 ParOldGen       total 748032K, used 282776K [0x00000005c1600000, 0x00000005ef080000, 0x0000000715d00000)
  object space 748032K, 37% used [0x00000005c1600000,0x00000005d2a26218,0x00000005ef080000)
 Metaspace       used 90453K, capacity 100303K, committed 100436K, reserved 1132544K
  class space    used 13731K, capacity 16609K, committed 16716K, reserved 1048576K
Event: 22.927 GC heap after
Heap after GC invocations=41 (full 4):
 PSYoungGen      total 2675200K, used 38272K [0x0000000715d00000, 0x00000007bfa00000, 0x00000007c0000000)
  eden space 2573312K, 0% used [0x0000000715d00000,0x0000000715d00000,0x00000007b2e00000)
  from space 101888K, 37% used [0x00000007b2e00000,0x00000007b5360070,0x00000007b9180000)
  to   space 95744K, 0% used [0x00000007b9c80000,0x00000007b9c80000,0x00000007bfa00000)
 ParOldGen       total 748032K, used 282776K [0x00000005c1600000, 0x00000005ef080000, 0x0000000715d00000)
  object space 748032K, 37% used [0x00000005c1600000,0x00000005d2a26218,0x00000005ef080000)
 Metaspace       used 90453K, capacity 100303K, committed 100436K, reserved 1132544K
  class space    used 13731K, capacity 16609K, committed 16716K, reserved 1048576K
}
Event: 23.524 GC heap before
{Heap before GC invocations=42 (full 4):
 PSYoungGen      total 2675200K, used 2611584K [0x0000000715d00000, 0x00000007bfa00000, 0x00000007c0000000)
  eden space 2573312K, 100% used [0x0000000715d00000,0x00000007b2e00000,0x00000007b2e00000)
  from space 101888K, 37% used [0x00000007b2e00000,0x00000007b5360070,0x00000007b9180000)
  to   space 95744K, 0% used [0x00000007b9c80000,0x00000007b9c80000,0x00000007bfa00000)
 ParOldGen       total 748032K, used 283297K [0x00000005c1600000, 0x00000005ef080000, 0x0000000715d00000)
  object space 748032K, 37% used [0x00000005c1600000,0x00000005d2aa85e8,0x00000005ef080000)
 Metaspace       used 90505K, capacity 100385K, committed 100684K, reserved 1132544K
  class space    used 13736K, capacity 16616K, committed 16716K, reserved 1048576K
Event: 23.553 GC heap after
Heap after GC invocations=42 (full 4):
 PSYoungGen      total 2677248K, used 40736K [0x0000000715d00000, 0x00000007bf100000, 0x00000007c0000000)
  eden space 2590720K, 0% used [0x0000000715d00000,0x0000000715d00000,0x00000007b3f00000)
  from space 86528K, 47% used [0x00000007b9c80000,0x00000007bc448070,0x00000007bf100000)
  to   space 91136K, 0% used [0x00000007b3f00000,0x00000007b3f00000,0x00000007b9800000)
 ParOldGen       total 748032K, used 283305K [0x00000005c1600000, 0x00000005ef080000, 0x0000000715d00000)
  object space 748032K, 37% used [0x00000005c1600000,0x00000005d2aaa5e8,0x00000005ef080000)
 Metaspace       used 90505K, capacity 100385K, committed 100684K, reserved 1132544K
  class space    used 13736K, capacity 16616K, committed 16716K, reserved 1048576K
}
Event: 24.291 GC heap before
{Heap before GC invocations=43 (full 4):
 PSYoungGen      total 2677248K, used 2631456K [0x0000000715d00000, 0x00000007bf100000, 0x00000007c0000000)
  eden space 2590720K, 100% used [0x0000000715d00000,0x00000007b3f00000,0x00000007b3f00000)
  from space 86528K, 47% used [0x00000007b9c80000,0x00000007bc448070,0x00000007bf100000)
  to   space 91136K, 0% used [0x00000007b3f00000,0x00000007b3f00000,0x00000007b9800000)
 ParOldGen       total 748032K, used 283306K [0x00000005c1600000, 0x00000005ef080000, 0x0000000715d00000)
  object space 748032K, 37% used [0x00000005c1600000,0x00000005d2aaab38,0x00000005ef080000)
 Metaspace       used 90570K, capacity 100449K, committed 100684K, reserved 1132544K
  class space    used 13745K, capacity 16630K, committed 16716K, reserved 1048576K
Event: 24.308 GC heap after
Heap after GC invocations=43 (full 4):
 PSYoungGen      total 2681856K, used 42336K [0x0000000715d00000, 0x00000007bfd80000, 0x00000007c0000000)
  eden space 2590720K, 0% used [0x0000000715d00000,0x0000000715d00000,0x00000007b3f00000)
  from space 91136K, 46% used [0x00000007b3f00000,0x00000007b6858070,0x00000007b9800000)
  to   space 87552K, 0% used [0x00000007ba800000,0x00000007ba800000,0x00000007bfd80000)
 ParOldGen       total 748032K, used 283314K [0x00000005c1600000, 0x00000005ef080000, 0x0000000715d00000)
  object space 748032K, 37% used [0x00000005c1600000,0x00000005d2aacb38,0x00000005ef080000)
 Metaspace       used 90570K, capacity 100449K, committed 100684K, reserved 1132544K
  class space    used 13745K, capacity 16630K, committed 16716K, reserved 1048576K
}
Event: 25.104 GC heap before
{Heap before GC invocations=44 (full 4):
 PSYoungGen      total 2681856K, used 2633056K [0x0000000715d00000, 0x00000007bfd80000, 0x00000007c0000000)
  eden space 2590720K, 100% used [0x0000000715d00000,0x00000007b3f00000,0x00000007b3f00000)
  from space 91136K, 46% used [0x00000007b3f00000,0x00000007b6858070,0x00000007b9800000)
  to   space 87552K, 0% used [0x00000007ba800000,0x00000007ba800000,0x00000007bfd80000)
 ParOldGen       total 748032K, used 283314K [0x00000005c1600000, 0x00000005ef080000, 0x0000000715d00000)
  object space 748032K, 37% used [0x00000005c1600000,0x00000005d2aacb38,0x00000005ef080000)
 Metaspace       used 91111K, capacity 101127K, committed 101324K, reserved 1134592K
  class space    used 13877K, capacity 16789K, committed 16844K, reserved 1048576K
Event: 25.127 GC heap after
Heap after GC invocations=44 (full 4):
 PSYoungGen      total 2690048K, used 43833K [0x0000000715d00000, 0x00000007bf680000, 0x00000007c0000000)
  eden space 2609664K, 0% used [0x0000000715d00000,0x0000000715d00000,0x00000007b5180000)
  from space 80384K, 54% used [0x00000007ba800000,0x00000007bd2ce6f8,0x00000007bf680000)
  to   space 84480K, 0% used [0x00000007b5180000,0x00000007b5180000,0x00000007ba400000)
 ParOldGen       total 748032K, used 283322K [0x00000005c1600000, 0x00000005ef080000, 0x0000000715d00000)
  object space 748032K, 37% used [0x00000005c1600000,0x00000005d2aaeb38,0x00000005ef080000)
 Metaspace       used 91111K, capacity 101127K, committed 101324K, reserved 1134592K
  class space    used 13877K, capacity 16789K, committed 16844K, reserved 1048576K
}
Event: 25.984 GC heap before
{Heap before GC invocations=45 (full 4):
 PSYoungGen      total 2690048K, used 2653497K [0x0000000715d00000, 0x00000007bf680000, 0x00000007c0000000)
  eden space 2609664K, 100% used [0x0000000715d00000,0x00000007b5180000,0x00000007b5180000)
  from space 80384K, 54% used [0x00000007ba800000,0x00000007bd2ce6f8,0x00000007bf680000)
  to   space 84480K, 0% used [0x00000007b5180000,0x00000007b5180000,0x00000007ba400000)
 ParOldGen       total 748032K, used 283323K [0x00000005c1600000, 0x00000005ef080000, 0x0000000715d00000)
  object space 748032K, 37% used [0x00000005c1600000,0x00000005d2aaefe8,0x00000005ef080000)
 Metaspace       used 92195K, capacity 102535K, committed 102860K, reserved 1134592K
  class space    used 14044K, capacity 16995K, committed 17100K, reserved 1048576K
Event: 26.003 GC heap after
Heap after GC invocations=45 (full 4):
 PSYoungGen      total 2694144K, used 47401K [0x0000000715d00000, 0x00000007c0000000, 0x00000007c0000000)
  eden space 2609664K, 0% used [0x0000000715d00000,0x0000000715d00000,0x00000007b5180000)
  from space 84480K, 56% used [0x00000007b5180000,0x00000007b7fca740,0x00000007ba400000)
  to   space 83456K, 0% used [0x00000007bae80000,0x00000007bae80000,0x00000007c0000000)
 ParOldGen       total 748032K, used 283331K [0x00000005c1600000, 0x00000005ef080000, 0x0000000715d00000)
  object space 748032K, 37% used [0x00000005c1600000,0x00000005d2ab0fe8,0x00000005ef080000)
 Metaspace       used 92195K, capacity 102535K, committed 102860K, reserved 1134592K
  class space    used 14044K, capacity 16995K, committed 17100K, reserved 1048576K
}

Deoptimization events (10 events):
Event: 30.179 Thread 0x000001d4e7f39000 Uncommon trap: reason=class_check action=maybe_recompile pc=0x000001d4eaac4198 method=java.lang.reflect.Array.newInstance(Ljava/lang/Class;I)Ljava/lang/Object; @ 2
Event: 30.181 Thread 0x000001d4e7f39000 Uncommon trap: reason=class_check action=maybe_recompile pc=0x000001d4eaac4198 method=java.lang.reflect.Array.newInstance(Ljava/lang/Class;I)Ljava/lang/Object; @ 2
Event: 30.181 Thread 0x000001d4e7f39000 Uncommon trap: reason=class_check action=maybe_recompile pc=0x000001d4eaac4198 method=java.lang.reflect.Array.newInstance(Ljava/lang/Class;I)Ljava/lang/Object; @ 2
Event: 30.185 Thread 0x000001d4e7f39000 Uncommon trap: reason=unstable_if action=reinterpret pc=0x000001d4eb91ee28 method=net.minecraft.util.math.vector.TransformationMatrix.equals(Ljava/lang/Object;)Z @ 2
Event: 30.400 Thread 0x000001d4e7f39000 Uncommon trap: reason=bimorphic action=maybe_recompile pc=0x000001d4eb233fb8 method=java.util.Map.getOrDefault(Ljava/lang/Object;Ljava/lang/Object;)Ljava/lang/Object; @ 2
Event: 30.400 Thread 0x000001d4e7f39000 Uncommon trap: reason=bimorphic action=maybe_recompile pc=0x000001d4eb233fb8 method=java.util.Map.getOrDefault(Ljava/lang/Object;Ljava/lang/Object;)Ljava/lang/Object; @ 2
Event: 30.400 Thread 0x000001d4e7f39000 Uncommon trap: reason=bimorphic action=maybe_recompile pc=0x000001d4eb233fb8 method=java.util.Map.getOrDefault(Ljava/lang/Object;Ljava/lang/Object;)Ljava/lang/Object; @ 2
Event: 30.400 Thread 0x000001d4e7f39000 Uncommon trap: reason=bimorphic action=maybe_recompile pc=0x000001d4eb233fb8 method=java.util.Map.getOrDefault(Ljava/lang/Object;Ljava/lang/Object;)Ljava/lang/Object; @ 2
Event: 33.234 Thread 0x000001d4971ae800 Uncommon trap: reason=bimorphic action=maybe_recompile pc=0x000001d4ea78cd24 method=java.util.SubList.<init>(Ljava/util/AbstractList;II)V @ 37
Event: 38.234 Thread 0x000001d4971ae800 Uncommon trap: reason=bimorphic action=maybe_recompile pc=0x000001d4ea78cd24 method=java.util.SubList.<init>(Ljava/util/AbstractList;II)V @ 37

Classes redefined (0 events):
No events

Internal exceptions (10 events):
Event: 30.183 Thread 0x000001d4e7f39000 Exception <a 'sun/nio/fs/WindowsException'> (0x000000078f432dd0) thrown at [C:\jenkins\workspace\8-2-build-windows-amd64-cygwin\jdk8u261\295\hotspot\src\share\vm\prims\jni.cpp, line 710]
Event: 30.183 Thread 0x000001d4e7f39000 Exception <a 'sun/nio/fs/WindowsException'> (0x000000078f4334c0) thrown at [C:\jenkins\workspace\8-2-build-windows-amd64-cygwin\jdk8u261\295\hotspot\src\share\vm\prims\jni.cpp, line 710]
Event: 30.183 Thread 0x000001d4e7f39000 Exception <a 'sun/nio/fs/WindowsException'> (0x000000078f434200) thrown at [C:\jenkins\workspace\8-2-build-windows-amd64-cygwin\jdk8u261\295\hotspot\src\share\vm\prims\jni.cpp, line 710]
Event: 30.183 Thread 0x000001d4e7f39000 Exception <a 'sun/nio/fs/WindowsException'> (0x000000078f4348e0) thrown at [C:\jenkins\workspace\8-2-build-windows-amd64-cygwin\jdk8u261\295\hotspot\src\share\vm\prims\jni.cpp, line 710]
Event: 33.486 Thread 0x000001d4971a9000 Exception <a 'sun/nio/fs/WindowsException'> (0x0000000768ea2e38) thrown at [C:\jenkins\workspace\8-2-build-windows-amd64-cygwin\jdk8u261\295\hotspot\src\share\vm\prims\jni.cpp, line 710]
Event: 33.486 Thread 0x000001d4971a9000 Exception <a 'sun/nio/fs/WindowsException'> (0x0000000768ea3320) thrown at [C:\jenkins\workspace\8-2-build-windows-amd64-cygwin\jdk8u261\295\hotspot\src\share\vm\prims\jni.cpp, line 710]
Event: 33.486 Thread 0x000001d4971a9000 Exception <a 'sun/nio/fs/WindowsException'> (0x0000000768ea3d80) thrown at [C:\jenkins\workspace\8-2-build-windows-amd64-cygwin\jdk8u261\295\hotspot\src\share\vm\prims\jni.cpp, line 710]
Event: 33.486 Thread 0x000001d4971a9000 Exception <a 'sun/nio/fs/WindowsException'> (0x0000000768ea4460) thrown at [C:\jenkins\workspace\8-2-build-windows-amd64-cygwin\jdk8u261\295\hotspot\src\share\vm\prims\jni.cpp, line 710]
Event: 33.486 Thread 0x000001d4971a9000 Exception <a 'sun/nio/fs/WindowsException'> (0x0000000768ea5198) thrown at [C:\jenkins\workspace\8-2-build-windows-amd64-cygwin\jdk8u261\295\hotspot\src\share\vm\prims\jni.cpp, line 710]
Event: 33.486 Thread 0x000001d4971a9000 Exception <a 'sun/nio/fs/WindowsException'> (0x0000000768ea5680) thrown at [C:\jenkins\workspace\8-2-build-windows-amd64-cygwin\jdk8u261\295\hotspot\src\share\vm\prims\jni.cpp, line 710]

Events (10 events):
Event: 75.634 Thread 0x000001d4fdcf1000 flushing nmethod 0x000001d4eb5b3510
Event: 75.634 Thread 0x000001d4fdcf1000 flushing nmethod 0x000001d4eb693ad0
Event: 75.634 Thread 0x000001d4fdcf1000 flushing nmethod 0x000001d4eb697c50
Event: 75.634 Thread 0x000001d4fdcf1000 flushing nmethod 0x000001d4eb69f150
Event: 75.635 Thread 0x000001d4fdcf1000 flushing nmethod 0x000001d4eb853d10
Event: 77.673 Thread 0x000001d4fdce8000 flushing nmethod 0x000001d4eb91e950
Event: 77.673 Thread 0x000001d4fdce8000 flushing nmethod 0x000001d4eb922e10
Event: 77.673 Thread 0x000001d4fdce8000 flushing nmethod 0x000001d4eb9e7d50
Event: 77.673 Thread 0x000001d4fdce8000 flushing nmethod 0x000001d4eb9f4b10
Event: 77.673 Thread 0x000001d4fdce8000 flushing nmethod 0x000001d4eba166d0


Dynamic libraries:
0x00007ff6df6a0000 - 0x00007ff6df6e7000 	C:\Program Files\Java\jdk1.8.0_261\bin\java.exe
0x00007ffab75b0000 - 0x00007ffab77a5000 	C:\Windows\SYSTEM32\ntdll.dll
0x00007ffab70c0000 - 0x00007ffab717e000 	C:\Windows\System32\KERNEL32.DLL
0x00007ffab5030000 - 0x00007ffab52f9000 	C:\Windows\System32\KERNELBASE.dll
0x00007ffab71a0000 - 0x00007ffab724c000 	C:\Windows\System32\ADVAPI32.dll
0x00007ffab6ed0000 - 0x00007ffab6f6e000 	C:\Windows\System32\msvcrt.dll
0x00007ffab5bb0000 - 0x00007ffab5c4b000 	C:\Windows\System32\sechost.dll
0x00007ffab6a50000 - 0x00007ffab6b7a000 	C:\Windows\System32\RPCRT4.dll
0x00007ffab7250000 - 0x00007ffab73f1000 	C:\Windows\System32\USER32.dll
0x00007ffab5410000 - 0x00007ffab5432000 	C:\Windows\System32\win32u.dll
0x00007ffab7540000 - 0x00007ffab756b000 	C:\Windows\System32\GDI32.dll
0x00007ffab4d70000 - 0x00007ffab4e7b000 	C:\Windows\System32\gdi32full.dll
0x00007ffab4cd0000 - 0x00007ffab4d6d000 	C:\Windows\System32\msvcp_win.dll
0x00007ffab5440000 - 0x00007ffab5540000 	C:\Windows\System32\ucrtbase.dll
0x00007ffa9aff0000 - 0x00007ffa9b28a000 	C:\Windows\WinSxS\amd64_microsoft.windows.common-controls_6595b64144ccf1df_6.0.19041.1110_none_60b5254171f9507e\COMCTL32.dll
0x00007ffab6f70000 - 0x00007ffab6fa0000 	C:\Windows\System32\IMM32.DLL
0x00007ffa94840000 - 0x00007ffa94855000 	C:\Program Files\Java\jdk1.8.0_261\jre\bin\vcruntime140.dll
0x00007ffa89400000 - 0x00007ffa8949b000 	C:\Program Files\Java\jdk1.8.0_261\jre\bin\msvcp140.dll
0x0000000077790000 - 0x0000000077ffc000 	C:\Program Files\Java\jdk1.8.0_261\jre\bin\server\jvm.dll
0x00007ffab6cb0000 - 0x00007ffab6cb8000 	C:\Windows\System32\PSAPI.DLL
0x00007ffab0910000 - 0x00007ffab0919000 	C:\Windows\SYSTEM32\WSOCK32.dll
0x00007ffab6c40000 - 0x00007ffab6cab000 	C:\Windows\System32\WS2_32.dll
0x00007ffaaa8a0000 - 0x00007ffaaa8c7000 	C:\Windows\SYSTEM32\WINMM.dll
0x00007ffaaecb0000 - 0x00007ffaaecba000 	C:\Windows\SYSTEM32\VERSION.dll
0x00007ffab2bf0000 - 0x00007ffab2c02000 	C:\Windows\SYSTEM32\kernel.appcore.dll
0x00007ffa9c340000 - 0x00007ffa9c350000 	C:\Program Files\Java\jdk1.8.0_261\jre\bin\verify.dll
0x00007ffa934f0000 - 0x00007ffa9351b000 	C:\Program Files\Java\jdk1.8.0_261\jre\bin\java.dll
0x00007ffa92a30000 - 0x00007ffa92a62000 	C:\Program Files\Java\jdk1.8.0_261\jre\bin\instrument.dll
0x00007ffa93400000 - 0x00007ffa93418000 	C:\Program Files\Java\jdk1.8.0_261\jre\bin\zip.dll
0x00007ffab5cb0000 - 0x00007ffab63ef000 	C:\Windows\System32\SHELL32.dll
0x00007ffab2df0000 - 0x00007ffab3580000 	C:\Windows\SYSTEM32\windows.storage.dll
0x00007ffab5600000 - 0x00007ffab5955000 	C:\Windows\System32\combase.dll
0x00007ffab4720000 - 0x00007ffab474c000 	C:\Windows\SYSTEM32\Wldp.dll
0x00007ffab6b80000 - 0x00007ffab6c2d000 	C:\Windows\System32\SHCORE.dll
0x00007ffab6e70000 - 0x00007ffab6ec5000 	C:\Windows\System32\shlwapi.dll
0x00007ffab4c10000 - 0x00007ffab4c2f000 	C:\Windows\SYSTEM32\profapi.dll
0x00007ffa925a0000 - 0x00007ffa925ba000 	C:\Program Files\JetBrains\IntelliJ IDEA 2021.1.3\bin\breakgen64.dll
0x00007ffa92d10000 - 0x00007ffa92d2c000 	C:\Program Files\Java\jdk1.8.0_261\jre\bin\net.dll
0x00007ffab4480000 - 0x00007ffab44ea000 	C:\Windows\system32\mswsock.dll
0x00007ffa99e50000 - 0x00007ffa99e5d000 	C:\Program Files\Java\jdk1.8.0_261\jre\bin\management.dll
0x00007ffa6e390000 - 0x00007ffa6e3a7000 	C:\Windows\system32\napinsp.dll
0x00007ffa6e370000 - 0x00007ffa6e38b000 	C:\Windows\system32\pnrpnsp.dll
0x00007ffa90700000 - 0x00007ffa90715000 	C:\Windows\system32\wshbth.dll
0x00007ffab0780000 - 0x00007ffab079d000 	C:\Windows\system32\NLAapi.dll
0x00007ffab4120000 - 0x00007ffab415b000 	C:\Windows\SYSTEM32\IPHLPAPI.DLL
0x00007ffab4170000 - 0x00007ffab423c000 	C:\Windows\SYSTEM32\DNSAPI.dll
0x00007ffab5960000 - 0x00007ffab5968000 	C:\Windows\System32\NSI.dll
0x00007ffa6e350000 - 0x00007ffa6e362000 	C:\Windows\System32\winrnr.dll
0x00007ffaa30e0000 - 0x00007ffaa30ea000 	C:\Windows\System32\rasadhlp.dll
0x00007ffaa3000000 - 0x00007ffaa307f000 	C:\Windows\System32\fwpuclnt.dll
0x00007ffab5540000 - 0x00007ffab5567000 	C:\Windows\System32\bcrypt.dll
0x00007ffa92cf0000 - 0x00007ffa92d03000 	C:\Program Files\Java\jdk1.8.0_261\jre\bin\nio.dll
0x00007ffa92a70000 - 0x00007ffa92a94000 	C:\Program Files\Java\jdk1.8.0_261\jre\bin\sunec.dll
0x00007ffaac020000 - 0x00007ffaac037000 	C:\Windows\SYSTEM32\dhcpcsvc6.DLL
0x00007ffaac000000 - 0x00007ffaac01d000 	C:\Windows\SYSTEM32\dhcpcsvc.DLL
0x00007ffab4670000 - 0x00007ffab4688000 	C:\Windows\SYSTEM32\CRYPTSP.dll
0x00007ffab3d90000 - 0x00007ffab3dc4000 	C:\Windows\system32\rsaenh.dll
0x00007ffab4bd0000 - 0x00007ffab4bfe000 	C:\Windows\SYSTEM32\USERENV.dll
0x00007ffab5570000 - 0x00007ffab55f3000 	C:\Windows\System32\bcryptprimitives.dll
0x00007ffab4690000 - 0x00007ffab469c000 	C:\Windows\SYSTEM32\CRYPTBASE.dll
0x00007ffa85f20000 - 0x00007ffa85f92000 	C:\Users\Potat\AppData\Local\Temp\lwjglPotat\3.2.2-build-10\lwjgl.dll
0x00007ffa640a0000 - 0x00007ffa642f1000 	C:\Users\Potat\AppData\Local\Temp\lwjglPotat\3.2.2-build-10\jemalloc.dll
0x00007ffa88a80000 - 0x00007ffa88ade000 	C:\Users\Potat\AppData\Local\Temp\lwjglPotat\3.2.2-build-10\glfw.dll
0x00007ffab2690000 - 0x00007ffab272e000 	C:\Windows\system32\uxtheme.dll
0x00007ffa309e0000 - 0x00007ffa30a25000 	C:\Windows\SYSTEM32\dinput8.dll
0x00007ffa966b0000 - 0x00007ffa966c1000 	C:\Windows\SYSTEM32\xinput1_4.dll
0x00007ffab4e80000 - 0x00007ffab4ece000 	C:\Windows\System32\cfgmgr32.dll
0x00007ffab4a70000 - 0x00007ffab4aa4000 	C:\Windows\SYSTEM32\DEVOBJ.dll
0x00007ffab2900000 - 0x00007ffab292f000 	C:\Windows\SYSTEM32\dwmapi.dll
0x00007ffaa7aa0000 - 0x00007ffaa7bf2000 	C:\Windows\SYSTEM32\inputhost.dll
0x00007ffab6cc0000 - 0x00007ffab6d8d000 	C:\Windows\System32\OLEAUT32.dll
0x00007ffab2210000 - 0x00007ffab2302000 	C:\Windows\SYSTEM32\CoreMessaging.dll
0x00007ffab04f0000 - 0x00007ffab05e6000 	C:\Windows\SYSTEM32\PROPSYS.dll
0x00007ffab0b50000 - 0x00007ffab0ca4000 	C:\Windows\SYSTEM32\wintypes.dll
0x00007ffab1eb0000 - 0x00007ffab220e000 	C:\Windows\SYSTEM32\CoreUIComponents.dll
0x00007ffab39c0000 - 0x00007ffab39f3000 	C:\Windows\SYSTEM32\ntmarta.dll
0x00007ffab6fa0000 - 0x00007ffab70b5000 	C:\Windows\System32\MSCTF.dll
0x00007ffab3580000 - 0x00007ffab358d000 	C:\Windows\SYSTEM32\HID.DLL
0x00007ffab65d0000 - 0x00007ffab6a42000 	C:\Windows\System32\SETUPAPI.DLL
0x00007ffab5300000 - 0x00007ffab5360000 	C:\Windows\System32\WINTRUST.dll
0x00007ffab4ed0000 - 0x00007ffab5026000 	C:\Windows\System32\CRYPT32.dll
0x00007ffab48b0000 - 0x00007ffab48c2000 	C:\Windows\SYSTEM32\MSASN1.dll
0x00007ffa96820000 - 0x00007ffa96945000 	C:\Windows\SYSTEM32\opengl32.dll
0x00007ffa967f0000 - 0x00007ffa9681c000 	C:\Windows\SYSTEM32\GLU32.dll
0x00007ffab6520000 - 0x00007ffab65c9000 	C:\Windows\System32\clbcatq.dll
0x00007ffa9f010000 - 0x00007ffa9f03a000 	C:\Windows\System32\DriverStore\FileRepository\u0366503.inf_amd64_d363a293fd6c0da6\B366278\atig6pxx.dll
0x00007ffa44d50000 - 0x00007ffa47b39000 	C:\Windows\System32\DriverStore\FileRepository\u0366503.inf_amd64_d363a293fd6c0da6\B366278\atio6axx.dll
0x00007ffab63f0000 - 0x00007ffab651a000 	C:\Windows\System32\ole32.dll
0x00007ffa70920000 - 0x00007ffa70944000 	C:\Windows\SYSTEM32\dxva2.dll
0x00007ffa4bc90000 - 0x00007ffa4bccc000 	C:\Windows\System32\DriverStore\FileRepository\u0366503.inf_amd64_d363a293fd6c0da6\B366278\atig6txx.dll
0x00007ffa54cd0000 - 0x00007ffa54e88000 	C:\Windows\SYSTEM32\atiadlxx.dll
0x00007ffa89df0000 - 0x00007ffa89e39000 	C:\Windows\SYSTEM32\pdh.dll
0x00007ffab0170000 - 0x00007ffab01ab000 	C:\Windows\SYSTEM32\dxcore.dll
0x00007ffa816d0000 - 0x00007ffa8174f000 	C:\Users\Potat\AppData\Local\Temp\lwjglPotat\3.2.2-build-10\lwjgl_stb.dll
0x00007ffaaea10000 - 0x00007ffaaeabe000 	C:\Windows\SYSTEM32\mscms.dll
0x00007ffaae9f0000 - 0x00007ffaaea01000 	C:\Windows\SYSTEM32\ColorAdapterClient.dll
0x00007ffa494a0000 - 0x00007ffa494e3000 	C:\Windows\SYSTEM32\icm32.dll
0x00007ffaa7c00000 - 0x00007ffaa7cf9000 	C:\Windows\SYSTEM32\textinputframework.dll
0x00007ffa81ee0000 - 0x00007ffa81f38000 	C:\Users\Potat\AppData\Local\Temp\lwjglPotat\3.2.2-build-10\lwjgl_opengl.dll
0x00007ffa96b20000 - 0x00007ffa96b2d000 	C:\Program Files\Java\jdk1.8.0_261\jre\bin\sunmscapi.dll
0x00007ffab4790000 - 0x00007ffab47b7000 	C:\Windows\SYSTEM32\ncrypt.dll
0x00007ffab4750000 - 0x00007ffab478b000 	C:\Windows\SYSTEM32\NTASN1.dll
0x00007ffa815a0000 - 0x00007ffa815e2000 	C:\Users\Potat\AppData\Local\Temp\jna-77303080\jna2577331319598370616.dll
0x00007ffa92580000 - 0x00007ffa9259a000 	C:\Users\Potat\Desktop\Coding\Minecraft Modding\SeniorResearchProject\build\natives\SAPIWrapper_x64.dll
0x00007ffa61450000 - 0x00007ffa615d6000 	C:\Windows\System32\Speech\Common\sapi.dll
0x00007ffa923d0000 - 0x00007ffa923ee000 	C:\Windows\SYSTEM32\MSACM32.dll
0x00007ffa9b750000 - 0x00007ffa9b75b000 	C:\Windows\SYSTEM32\msdmo.dll
0x00007ffa9e5f0000 - 0x00007ffa9e616000 	C:\Windows\SYSTEM32\winmmbase.dll
0x00007ffaabde0000 - 0x00007ffaabe65000 	C:\Windows\System32\MMDevApi.dll
0x00007ffa61730000 - 0x00007ffa61844000 	C:\Users\Potat\AppData\Local\Temp\lwjglPotat\3.2.2-build-10\OpenAL.dll
0x00007ffaabe70000 - 0x00007ffaabff1000 	C:\Windows\SYSTEM32\AUDIOSES.DLL
0x00007ffab4290000 - 0x00007ffab42db000 	C:\Windows\SYSTEM32\powrprof.dll
0x00007ffab4100000 - 0x00007ffab4112000 	C:\Windows\SYSTEM32\UMPDC.dll
0x00007ffab2800000 - 0x00007ffab2814000 	C:\Windows\SYSTEM32\resourcepolicyclient.dll
0x00007ffaadfc0000 - 0x00007ffaae1a4000 	C:\Windows\SYSTEM32\dbghelp.dll

VM Arguments:
jvm_args: -Dforge.logging.console.level=debug -Dforge.logging.markers=REGISTRIES -Dmixin.env.remapRefMap=true -Dmixin.env.refMapRemappingFile=C:\Users\Potat\Desktop\Coding\Minecraft Modding\SeniorResearchProject\build/createSrgToMcp/output.srg -XX:HeapDumpPath=MojangTricksIntelDriversForPerformance_javaw.exe_minecraft.exe.heapdump -Dos.name=Windows 10 -Dos.version=10.0 -javaagent:C:\Program Files\JetBrains\IntelliJ IDEA 2021.1.3\lib\idea_rt.jar=58470:C:\Program Files\JetBrains\IntelliJ IDEA 2021.1.3\bin -Dfile.encoding=UTF-8 
java_command: net.minecraftforge.userdev.LaunchTesting
java_class_path (initial): C:\Program Files\Java\jdk1.8.0_261\jre\lib\charsets.jar;C:\Program Files\Java\jdk1.8.0_261\jre\lib\deploy.jar;C:\Program Files\Java\jdk1.8.0_261\jre\lib\ext\access-bridge-64.jar;C:\Program Files\Java\jdk1.8.0_261\jre\lib\ext\cldrdata.jar;C:\Program Files\Java\jdk1.8.0_261\jre\lib\ext\dnsns.jar;C:\Program Files\Java\jdk1.8.0_261\jre\lib\ext\jaccess.jar;C:\Program Files\Java\jdk1.8.0_261\jre\lib\ext\jfxrt.jar;C:\Program Files\Java\jdk1.8.0_261\jre\lib\ext\localedata.jar;C:\Program Files\Java\jdk1.8.0_261\jre\lib\ext\nashorn.jar;C:\Program Files\Java\jdk1.8.0_261\jre\lib\ext\sunec.jar;C:\Program Files\Java\jdk1.8.0_261\jre\lib\ext\sunjce_provider.jar;C:\Program Files\Java\jdk1.8.0_261\jre\lib\ext\sunmscapi.jar;C:\Program Files\Java\jdk1.8.0_261\jre\lib\ext\sunpkcs11.jar;C:\Program Files\Java\jdk1.8.0_261\jre\lib\ext\zipfs.jar;C:\Program Files\Java\jdk1.8.0_261\jre\lib\javaws.jar;C:\Program Files\Java\jdk1.8.0_261\jre\lib\jce.jar;C:\Program Files\Java\jdk1.8.0_261\jre\lib\jfr.jar;C:\Program Files\Java\jdk1.8.0_261\jre\lib\jfxswt.jar;C:\Program Files\Java\jdk1.8.0_261\jre\lib\jsse.jar;C:\Program Files\Java\jdk1.8.0_261\jre\lib\management-agent.jar;C:\Program Files\Java\jdk1.8.0_261\jre\lib\plugin.jar;C:\Program Files\Java\jdk1.8.0_261\jre\lib\resources.jar;C:\Program Files\Java\jdk1.8.0_261\jre\lib\rt.jar;C:\Users\Potat\Desktop\Coding\Minecraft Modding\SeniorResearchProject\build\classes\java\main;C:\Users\Potat\Desktop\Coding\Minecraft Modding\SeniorResearchProject\build\resources\main;C:\Users\Potat\.gradle\caches\forge_gradle\deobf_dependencies\com\jozufozu\flywheel\Flywheel\1.16-0.2.3.44_mapped_official_1.16.5\Flywheel-1.16-0.2.3.44_mapped_official_1.16.5.jar;C:\Users\Potat\.gradle\caches\forge_gradle\deobf_dependencies\curse\maven\create-328085\3419412_mapped_official_1.16.5\create-328085-3419412_mapped_official_1.16.5.jar;C:\Users\Potat\.gradle\caches\forge_gradle\minecraft_user_repo\net\minecraftforge\forge\1.16.5-36.2.0_mapped_officia
Launcher Type: SUN_STANDARD

Environment Variables:
JAVA_HOME=C:\Program Files\Java\jdk1.8.0_261
PATH=C:\Program Files (x86)\Razer Chroma SDK\bin;C:\Program Files\Razer Chroma SDK\bin;C:\Program Files (x86)\Razer\ChromaBroadcast\bin;C:\Program Files\Razer\ChromaBroadcast\bin;C:\Program Files (x86)\Common Files\Oracle\Java\javapath;C:\Program Files (x86)\Intel\Intel(R) Management Engine Components\iCLS\;C:\Program Files\Intel\Intel(R) Management Engine Components\iCLS\;C:\Windows\system32;C:\Windows;C:\Windows\System32\Wbem;C:\Windows\System32\WindowsPowerShell\v1.0\;C:\Windows\System32\OpenSSH\;C:\Program Files (x86)\Intel\Intel(R) Management Engine Components\DAL;C:\Program Files\Intel\Intel(R) Management Engine Components\DAL;C:\Program Files (x86)\Intel\Intel(R) Management Engine Components\IPT;C:\Program Files\Intel\Intel(R) Management Engine Components\IPT;C:\Program Files\dotnet\;C:\Users\Potat\Documents\Python\Scripts\;C:\Users\Potat\Documents\Python\;C:\Users\Potat\AppData\Local\Programs\Python\Launcher\;C:\Users\Potat\AppData\Local\Microsoft\WindowsApps;C:\Users\Potat\.dotnet\tools;C:\Users\Potat\AppData\Local\Programs\Microsoft VS Code\bin;C:\Program Files\JetBrains\IntelliJ IDEA 2021.1\bin;C:\Windows\system32\config\systemprofile\AppData\Local\Microsoft\WindowsApps;C:\Program Files\Git\cmd;C:\Users\Potat\Documents\Python\Scripts\;C:\Users\Potat\Documents\Python\;C:\Users\Potat\AppData\Local\Programs\Python\Launcher\;C:\Users\Potat\AppData\Local\Microsoft\WindowsApps;C:\Users\Potat\.dotnet\tools;C:\Users\Potat\AppData\Local\Programs\Microsoft VS Code\bin;C:\Program Files\JetBrains\IntelliJ IDEA 2021.1.3\bin;;C:\Program Files\JetBrains\CLion 2021.2.1\bin;
USERNAME=Potat
OS=Windows_NT
PROCESSOR_IDENTIFIER=Intel64 Family 6 Model 158 Stepping 13, GenuineIntel



---------------  S Y S T E M  ---------------

OS: Windows 10.0 , 64 bit Build 19041 (10.0.19041.1202)

CPU:total 6 (initial active 6) (6 cores per cpu, 1 threads per core) family 6 model 158 stepping 13, cmov, cx8, fxsr, mmx, sse, sse2, sse3, ssse3, sse4.1, sse4.2, popcnt, avx, avx2, aes, clmul, erms, 3dnowpref, lzcnt, tsc, tscinvbit, bmi1, bmi2, adx

Memory: 4k page, physical 33463148k(17920204k free), swap 35560300k(11970656k free)

vm_info: Java HotSpot(TM) 64-Bit Server VM (25.261-b12) for windows-amd64 JRE (1.8.0_261-b12), built on Jun 18 2020 06:56:32 by "" with unknown MS VC++:1916

time: Tue Oct 19 17:25:52 2021
timezone: Eastern Daylight Time
elapsed time: 89 seconds (0d 0h 1m 29s)

